<?xml version="1.0" encoding="UTF-8"?>
<!-- Generated by org.testng.reporters.JUnitXMLReporter -->
<testsuite ignored="0" hostname="pc63" failures="0" tests="10" name="ChromeTesting" time="77.204" errors="0" timestamp="2024-09-24T15:37:45 IST">
  <testcase classname="com.MtcTestCases.TC00_MtcServiceUser" name="LoginPageVerify" time="0.725"/>
  <testcase classname="com.MtcTestCases.TC00_MtcServiceUser" name="createNewSUser" time="5.932"/>
  <testcase classname="com.MtcTestCases.TC00_MtcServiceUser" name="BasicBioInfo" time="14.958"/>
  <testcase classname="com.MtcTestCases.TC00_MtcServiceUser" name="OtherBioInformation" time="28.344"/>
  <testcase classname="com.MtcTestCases.TC00_MtcServiceUser" name="RefNumbersverify" time="4.968"/>
  <testcase classname="com.MtcTestCases.TC00_MtcServiceUser" name="EdTraining" time="5.001"/>
  <testcase classname="com.MtcTestCases.TC00_MtcServiceUser" name="Accommodation" time="4.246"/>
  <testcase classname="com.MtcTestCases.TC00_MtcServiceUser" name="Yot" time="3.499"/>
  <testcase classname="com.MtcTestCases.TC00_MtcServiceUser" name="Clothing" time="3.283"/>
  <testcase classname="com.MtcTestCases.TC00_MtcServiceUser" name="Information" time="2.983"/>
</testsuite> <!-- ChromeTesting -->
