<?xml version="1.0" encoding="UTF-8"?>
<!-- Generated by org.testng.reporters.JUnitXMLReporter -->
<testsuite ignored="0" hostname="pc63" failures="0" tests="10" name="Test" time="82.668" errors="0" timestamp="2024-09-24T15:31:22 IST">
  <testcase classname="com.MtcTestCases.TC00_MtcServiceUser" name="LoginPageVerify" time="1.602"/>
  <testcase classname="com.MtcTestCases.TC00_MtcServiceUser" name="createNewSUser" time="6.019"/>
  <testcase classname="com.MtcTestCases.TC00_MtcServiceUser" name="BasicBioInfo" time="14.923"/>
  <testcase classname="com.MtcTestCases.TC00_MtcServiceUser" name="OtherBioInformation" time="31.841"/>
  <testcase classname="com.MtcTestCases.TC00_MtcServiceUser" name="RefNumbersverify" time="5.335"/>
  <testcase classname="com.MtcTestCases.TC00_MtcServiceUser" name="EdTraining" time="4.947"/>
  <testcase classname="com.MtcTestCases.TC00_MtcServiceUser" name="Accommodation" time="4.166"/>
  <testcase classname="com.MtcTestCases.TC00_MtcServiceUser" name="Yot" time="3.478"/>
  <testcase classname="com.MtcTestCases.TC00_MtcServiceUser" name="Clothing" time="3.311"/>
  <testcase classname="com.MtcTestCases.TC00_MtcServiceUser" name="Information" time="2.971"/>
</testsuite> <!-- Test -->
