<?xml version="1.0" encoding="UTF-8"?>
<testng-results ignored="0" total="10" passed="10" failed="0" skipped="0">
  <reporter-output>
  </reporter-output>
  <suite started-at="2024-09-24T12:43:10 IST" name="Suite" finished-at="2024-09-24T12:44:38 IST" duration-ms="88391">
    <groups>
    </groups>
    <test started-at="2024-09-24T12:43:10 IST" name="Test" finished-at="2024-09-24T12:44:38 IST" duration-ms="88391">
      <class name="com.MtcTestCases.TC00_MtcServiceUser">
        <test-method is-config="true" signature="setup(java.lang.String,java.lang.String)[pri:0, instance:com.MtcTestCases.TC00_MtcServiceUser@2eced48b]" started-at="2024-09-24T12:43:10 IST" name="setup" finished-at="2024-09-24T12:43:20 IST" duration-ms="9765" status="PASS">
          <params>
            <param index="0">
              <value>
                <![CDATA[windows]]>
              </value>
            </param>
            <param index="1">
              <value>
                <![CDATA[chrome]]>
              </value>
            </param>
          </params>
          <reporter-output>
          </reporter-output>
        </test-method> <!-- setup -->
        <test-method signature="LoginPageVerify()[pri:1, instance:com.MtcTestCases.TC00_MtcServiceUser@2eced48b]" started-at="2024-09-24T12:43:20 IST" name="LoginPageVerify" finished-at="2024-09-24T12:43:21 IST" duration-ms="1479" status="PASS">
          <reporter-output>
          </reporter-output>
        </test-method> <!-- LoginPageVerify -->
        <test-method signature="createNewSUser()[pri:2, instance:com.MtcTestCases.TC00_MtcServiceUser@2eced48b]" started-at="2024-09-24T12:43:21 IST" name="createNewSUser" finished-at="2024-09-24T12:43:31 IST" duration-ms="9454" status="PASS">
          <reporter-output>
          </reporter-output>
        </test-method> <!-- createNewSUser -->
        <test-method signature="BasicBioInfo()[pri:3, instance:com.MtcTestCases.TC00_MtcServiceUser@2eced48b]" started-at="2024-09-24T12:43:31 IST" name="BasicBioInfo" finished-at="2024-09-24T12:43:46 IST" duration-ms="15187" status="PASS">
          <reporter-output>
          </reporter-output>
        </test-method> <!-- BasicBioInfo -->
        <test-method signature="OtherBioInformation()[pri:4, instance:com.MtcTestCases.TC00_MtcServiceUser@2eced48b]" started-at="2024-09-24T12:43:46 IST" name="OtherBioInformation" finished-at="2024-09-24T12:44:14 IST" duration-ms="28028" status="PASS">
          <reporter-output>
          </reporter-output>
        </test-method> <!-- OtherBioInformation -->
        <test-method signature="RefNumbersverify()[pri:5, instance:com.MtcTestCases.TC00_MtcServiceUser@2eced48b]" started-at="2024-09-24T12:44:14 IST" name="RefNumbersverify" finished-at="2024-09-24T12:44:19 IST" duration-ms="5282" status="PASS">
          <reporter-output>
          </reporter-output>
        </test-method> <!-- RefNumbersverify -->
        <test-method signature="EdTraining()[pri:6, instance:com.MtcTestCases.TC00_MtcServiceUser@2eced48b]" started-at="2024-09-24T12:44:19 IST" name="EdTraining" finished-at="2024-09-24T12:44:24 IST" duration-ms="4986" status="PASS">
          <reporter-output>
          </reporter-output>
        </test-method> <!-- EdTraining -->
        <test-method signature="Accommodation()[pri:7, instance:com.MtcTestCases.TC00_MtcServiceUser@2eced48b]" started-at="2024-09-24T12:44:24 IST" name="Accommodation" finished-at="2024-09-24T12:44:28 IST" duration-ms="4252" status="PASS">
          <reporter-output>
          </reporter-output>
        </test-method> <!-- Accommodation -->
        <test-method signature="Yot()[pri:8, instance:com.MtcTestCases.TC00_MtcServiceUser@2eced48b]" started-at="2024-09-24T12:44:28 IST" name="Yot" finished-at="2024-09-24T12:44:32 IST" duration-ms="3543" status="PASS">
          <reporter-output>
          </reporter-output>
        </test-method> <!-- Yot -->
        <test-method signature="Clothing()[pri:9, instance:com.MtcTestCases.TC00_MtcServiceUser@2eced48b]" started-at="2024-09-24T12:44:32 IST" name="Clothing" finished-at="2024-09-24T12:44:35 IST" duration-ms="3466" status="PASS">
          <reporter-output>
          </reporter-output>
        </test-method> <!-- Clothing -->
        <test-method signature="Information()[pri:10, instance:com.MtcTestCases.TC00_MtcServiceUser@2eced48b]" started-at="2024-09-24T12:44:35 IST" name="Information" finished-at="2024-09-24T12:44:38 IST" duration-ms="2910" status="PASS">
          <reporter-output>
          </reporter-output>
        </test-method> <!-- Information -->
        <test-method is-config="true" signature="tearDown()[pri:0, instance:com.MtcTestCases.TC00_MtcServiceUser@2eced48b]" started-at="2024-09-24T12:44:38 IST" name="tearDown" finished-at="2024-09-24T12:44:38 IST" duration-ms="0" status="PASS">
          <reporter-output>
          </reporter-output>
        </test-method> <!-- tearDown -->
      </class> <!-- com.MtcTestCases.TC00_MtcServiceUser -->
    </test> <!-- Test -->
  </suite> <!-- Suite -->
</testng-results>
